+-----------------+--------------------+-----------+-------+
|    DATABASE     |      CATEGORY      |   SIZE    | ITEMS |
+-----------------+--------------------+-----------+-------+
| Key-Value store | Headers            | 823.02 kB |  1233 |
| Key-Value store | Bodies             | 1.13 mB   |  1233 |
| Key-Value store | Receipt lists      | 3.26 mB   |  1233 |
| Key-Value store | Difficulties       | 55.47 kB  |  1234 |
| Key-Value store | Block number->hash | 51.12 kB  |  1214 |
| Key-Value store | Block hash->number | 50.55 kB  |  1233 |
| Key-Value store | Transaction index  | 433.74 kB |  6136 |
| Key-Value store | Bloombit index     | 0.00 B    |     0 |
| Key-Value store | Contract codes     | 0.00 B    |     0 |
| Key-Value store | Trie nodes         | 16.44 mB  | 64744 |
| Key-Value store | Trie preimages     | 925.94 kB | 12348 |
| Key-Value store | Account snapshot   | 0.00 B    |     0 |
| Key-Value store | Storage snapshot   | 0.00 B    |     0 |
| Key-Value store | Clique snapshots   | 0.00 B    |     0 |
| Key-Value store | Posv snapshots     | 980.00 B  |     2 |
| Key-Value store | Ethereum config    | 377.00 B  |     1 |
| Key-Value store | Blockchain Version | 18.00 B   |     1 |
| Key-Value store | Singleton metadata | 123.00 B  |     3 |
| Key-Value store | Last header        | 42.00 B   |     1 |
| Key-Value store | Last block         | 41.00 B   |     1 |
| Key-Value store | Last fast          | 40.00 B   |     1 |
| Key-Value store | Trie sync          | 0.00 B    |     0 |
| Ancient store   | Headers            | 0.00 B    |     0 |
| Ancient store   | Bodies             | 0.00 B    |     0 |
| Ancient store   | Receipt lists      | 0.00 B    |     0 |
| Ancient store   | Difficulties       | 0.00 B    |     0 |
| Ancient store   | Block number->hash | 0.00 B    |     0 |
| Light client    | CHT trie nodes     | 0.00 B    |     0 |
| Light client    | Bloom trie nodes   | 0.00 B    |     0 |
+-----------------+--------------------+-----------+-------+
|                         TOTAL        | 23.16 MB  |       |
+-----------------+--------------------+-----------+-------+
